<?xml version="1.0" encoding="UTF-8"?>
<testsuite xmlns:xsi="http://www.w3.org/2001/XMLSchema-instance" xsi:noNamespaceSchemaLocation="https://maven.apache.org/surefire/maven-surefire-plugin/xsd/surefire-test-report-3.0.xsd" version="3.0" name="com.ap08.AP08.Ap08ApplicationTests" time="6.601" tests="1" errors="0" skipped="0" failures="0">
  <properties>
[...]
</properties>
  <testcase name="contextLoads" classname="com.ap08.AP08.Ap08ApplicationTests" time="2.315">
    <system-out><![CDATA[18:50:13.771 [main] INFO org.springframework.test.context.support.AnnotationConfigContextLoaderUtils -- Could not detect default configuration classes for test class [com.ap08.AP08.Ap08ApplicationTests]: Ap08ApplicationTests does not declare any static, non-private, non-final, nested classes annotated with @Configuration.
18:50:13.934 [main] INFO org.springframework.boot.test.context.SpringBootTestContextBootstrapper -- Found @SpringBootConfiguration com.ap08.AP08.Ap08Application for test class com.ap08.AP08.Ap08ApplicationTests

  .   ____          _            __ _ _
 /\\ / ___'_ __ _ _(_)_ __  __ _ \ \ \ \
( ( )\___ | '_ | '_| | '_ \/ _` | \ \ \ \
 \\/  ___)| |_)| | | | | || (_| |  ) ) ) )
  '  |____| .__|_| |_|_| |_\__, | / / / /
 =========|_|==============|___/=/_/_/_/
 :: Spring Boot ::                (v3.2.5)

2024-04-27T18:50:14.628+01:00  INFO 6352 --- [AP08] [           main] com.ap08.AP08.Ap08ApplicationTests       : Starting Ap08ApplicationTests using Java 17.0.8 with PID 6352 (started by LKTech in F:\workspace-spring-tool-suite-4-4.22.0.RELEASE\AP08)
2024-04-27T18:50:14.644+01:00  INFO 6352 --- [AP08] [           main] com.ap08.AP08.Ap08ApplicationTests       : No active profile set, falling back to 1 default profile: "default"
2024-04-27T18:50:15.698+01:00  INFO 6352 --- [AP08] [           main] .s.d.r.c.RepositoryConfigurationDelegate : Bootstrapping Spring Data JDBC repositories in DEFAULT mode.
2024-04-27T18:50:15.724+01:00  INFO 6352 --- [AP08] [           main] .s.d.r.c.RepositoryConfigurationDelegate : Finished Spring Data repository scanning in 18 ms. Found 0 JDBC repository interfaces.
2024-04-27T18:50:16.970+01:00  INFO 6352 --- [AP08] [           main] com.zaxxer.hikari.HikariDataSource       : HikariPool-1 - Starting...
2024-04-27T18:50:17.367+01:00  INFO 6352 --- [AP08] [           main] com.zaxxer.hikari.pool.HikariPool        : HikariPool-1 - Added connection org.postgresql.jdbc.PgConnection@73e776b7
2024-04-27T18:50:17.370+01:00  INFO 6352 --- [AP08] [           main] com.zaxxer.hikari.HikariDataSource       : HikariPool-1 - Start completed.
2024-04-27T18:50:17.690+01:00  INFO 6352 --- [AP08] [           main] com.ap08.AP08.Ap08ApplicationTests       : Started Ap08ApplicationTests in 3.497 seconds (process running for 4.862)
Wilaya(id=2, actif=true, compteCreation=1, compteMaj=1, dateCreation=2016-10-11 12:21:43.475, dateMaj=2016-10-11 12:26:17.396, nomArabe=الشلف, nomLatin=Chlef, nomTamazight=Chlef)
Wilaya(id=4, actif=true, compteCreation=3, compteMaj=3, dateCreation=2017-06-14 05:46:43.0, dateMaj=2017-06-14 05:46:43.0, nomArabe=أم البواقي, nomLatin=Oum El Bouaghi, nomTamazight=Oum El Bouaghi)
Wilaya(id=5, actif=true, compteCreation=3, compteMaj=3, dateCreation=2017-06-14 05:46:43.0, dateMaj=2017-06-14 05:46:43.0, nomArabe=باتنة, nomLatin=Batna, nomTamazight=Batna)
Wilaya(id=6, actif=true, compteCreation=3, compteMaj=3, dateCreation=2017-06-14 05:46:43.0, dateMaj=2017-06-14 05:46:43.0, nomArabe=بجاية, nomLatin=Béjaïa, nomTamazight=Béjaïa)
Wilaya(id=7, actif=true, compteCreation=3, compteMaj=3, dateCreation=2017-06-14 05:46:43.0, dateMaj=2017-06-14 05:46:43.0, nomArabe=بسكرة, nomLatin=Biskra, nomTamazight=Biskra)
Wilaya(id=8, actif=true, compteCreation=3, compteMaj=3, dateCreation=2017-06-14 05:46:43.0, dateMaj=2017-06-14 05:46:43.0, nomArabe=بشار, nomLatin=Béchar, nomTamazight=Béchar)
Wilaya(id=9, actif=true, compteCreation=3, compteMaj=3, dateCreation=2017-06-14 05:46:43.0, dateMaj=2017-06-14 05:46:43.0, nomArabe=البليدة, nomLatin=Blida, nomTamazight=Blida)
Wilaya(id=10, actif=true, compteCreation=3, compteMaj=3, dateCreation=2017-06-14 05:46:43.0, dateMaj=2017-06-14 05:46:43.0, nomArabe=بويرة, nomLatin=Bouira, nomTamazight=Bouira)
Wilaya(id=11, actif=true, compteCreation=3, compteMaj=3, dateCreation=2017-06-14 05:46:43.0, dateMaj=2017-06-14 05:46:43.0, nomArabe=تمنراست, nomLatin=Tamanrasset, nomTamazight=Tamanrasset)
Wilaya(id=12, actif=true, compteCreation=3, compteMaj=3, dateCreation=2017-06-14 05:46:43.0, dateMaj=2017-06-14 05:46:43.0, nomArabe= تبسة, nomLatin=Tébessa, nomTamazight=Tébessa)
Wilaya(id=13, actif=true, compteCreation=3, compteMaj=3, dateCreation=2000-01-01 04:33:00.775, dateMaj=2000-01-01 04:33:00.775, nomArabe=تلمسان, nomLatin=Tlemcen, nomTamazight=Tlemcen)
Wilaya(id=14, actif=true, compteCreation=3, compteMaj=3, dateCreation=2000-01-01 04:33:00.775, dateMaj=2000-01-01 04:33:00.775, nomArabe=تيارت, nomLatin=Tiaret, nomTamazight=Tiaret)
Wilaya(id=15, actif=true, compteCreation=3, compteMaj=3, dateCreation=2000-01-01 04:33:00.775, dateMaj=2000-01-01 04:33:00.775, nomArabe=تيزي وزو, nomLatin=Tizi Ouzou, nomTamazight=Tizi Ouzou)
Wilaya(id=16, actif=true, compteCreation=3, compteMaj=3, dateCreation=2017-06-14 05:46:43.0, dateMaj=2017-06-14 05:46:43.0, nomArabe=الجزائر, nomLatin=Alger, nomTamazight=Alger)
Wilaya(id=17, actif=true, compteCreation=3, compteMaj=3, dateCreation=2017-06-14 05:46:43.0, dateMaj=2017-06-14 05:46:43.0, nomArabe=الجلفة, nomLatin=Djelfa, nomTamazight=Djelfa)
Wilaya(id=18, actif=true, compteCreation=3, compteMaj=3, dateCreation=2017-06-14 05:46:43.0, dateMaj=2017-06-14 05:46:43.0, nomArabe=جيجل, nomLatin=Jijel, nomTamazight=Jijel)
Wilaya(id=19, actif=true, compteCreation=3, compteMaj=3, dateCreation=2000-01-01 04:33:00.775, dateMaj=2000-01-01 04:33:00.775, nomArabe=سطيف, nomLatin=Sétif, nomTamazight=Sétif)
Wilaya(id=20, actif=true, compteCreation=3, compteMaj=3, dateCreation=2000-01-01 04:33:00.775, dateMaj=2000-01-01 04:33:00.775, nomArabe=سعيدة, nomLatin=Saïda, nomTamazight=Saïda)
Wilaya(id=21, actif=true, compteCreation=3, compteMaj=3, dateCreation=2017-06-14 05:46:43.0, dateMaj=2017-06-14 05:46:43.0, nomArabe=سكيكدة, nomLatin=Skikda, nomTamazight=Skikda)
Wilaya(id=22, actif=true, compteCreation=3, compteMaj=3, dateCreation=2017-06-14 05:46:43.0, dateMaj=2017-06-14 05:46:43.0, nomArabe=سيدي بلعباس, nomLatin=Sidi Bel Abbès, nomTamazight=Sidi Bel Abbès)
Wilaya(id=23, actif=true, compteCreation=3, compteMaj=3, dateCreation=2000-01-01 04:33:00.775, dateMaj=2000-01-01 04:33:00.775, nomArabe=عنابة, nomLatin=Annaba, nomTamazight=Annaba)
Wilaya(id=24, actif=true, compteCreation=3, compteMaj=3, dateCreation=2017-06-14 05:46:43.0, dateMaj=2017-06-14 05:46:43.0, nomArabe=قالمة, nomLatin=Guelma, nomTamazight=Guelma)
Wilaya(id=25, actif=true, compteCreation=3, compteMaj=3, dateCreation=2000-01-01 04:33:00.775, dateMaj=2000-01-01 04:33:00.775, nomArabe=قسنطينة, nomLatin=Constantine, nomTamazight=Constantine)
Wilaya(id=26, actif=true, compteCreation=3, compteMaj=3, dateCreation=2000-01-01 04:33:00.775, dateMaj=2000-01-01 04:33:00.775, nomArabe=المدية, nomLatin=Médéa, nomTamazight=Médéa)
Wilaya(id=27, actif=true, compteCreation=3, compteMaj=3, dateCreation=2000-01-01 04:33:00.775, dateMaj=2000-01-01 04:33:00.775, nomArabe=مستغانم, nomLatin=Mostaganem, nomTamazight=Mostaganem)
Wilaya(id=28, actif=true, compteCreation=3, compteMaj=3, dateCreation=2017-06-14 05:46:43.0, dateMaj=2017-06-14 05:46:43.0, nomArabe=مسيلة, nomLatin=M'Sila, nomTamazight=M'Sila)
Wilaya(id=29, actif=true, compteCreation=3, compteMaj=3, dateCreation=2017-06-14 05:46:43.0, dateMaj=2017-06-14 05:46:43.0, nomArabe=معسكر, nomLatin=Mascara, nomTamazight=Mascara)
Wilaya(id=30, actif=true, compteCreation=3, compteMaj=3, dateCreation=2000-01-01 04:33:00.775, dateMaj=2000-01-01 04:33:00.775, nomArabe=ورقلة, nomLatin=Ouargla, nomTamazight=Ouargla)
Wilaya(id=31, actif=true, compteCreation=3, compteMaj=3, dateCreation=2000-01-01 04:33:00.775, dateMaj=2000-01-01 04:33:00.775, nomArabe=وهران, nomLatin=Oran, nomTamazight=Oran)
Wilaya(id=32, actif=true, compteCreation=3, compteMaj=3, dateCreation=2017-06-14 05:46:43.0, dateMaj=2017-06-14 05:46:43.0, nomArabe=البيض, nomLatin=El Bayadh, nomTamazight=El Bayadh)
Wilaya(id=33, actif=true, compteCreation=3, compteMaj=3, dateCreation=2000-01-01 04:33:00.775, dateMaj=2000-01-01 04:33:00.775, nomArabe=إليزي, nomLatin=Illizi, nomTamazight=Illizi)
Wilaya(id=34, actif=true, compteCreation=3, compteMaj=3, dateCreation=2017-06-14 05:46:43.0, dateMaj=2017-06-14 05:46:43.0, nomArabe=برج بوعريريج, nomLatin=Bordj Bou Arreridj, nomTamazight=Bordj Bou Arreridj)
Wilaya(id=35, actif=true, compteCreation=3, compteMaj=3, dateCreation=2017-06-14 05:46:43.0, dateMaj=2017-06-14 05:46:43.0, nomArabe=بومرداس, nomLatin=Boumerdès, nomTamazight=Boumerdès)
Wilaya(id=36, actif=true, compteCreation=3, compteMaj=3, dateCreation=2000-01-01 04:33:00.775, dateMaj=2000-01-01 04:33:00.775, nomArabe=الطارف, nomLatin=El Tarf, nomTamazight=El Tarf)
Wilaya(id=37, actif=true, compteCreation=3, compteMaj=3, dateCreation=2000-01-01 04:33:00.775, dateMaj=2000-01-01 04:33:00.775, nomArabe=تندوف, nomLatin=Tindouf, nomTamazight=Tindouf)
Wilaya(id=38, actif=true, compteCreation=3, compteMaj=3, dateCreation=2000-01-01 04:33:00.775, dateMaj=2000-01-01 04:33:00.775, nomArabe=تيسمسيلت, nomLatin=Tissemsilt, nomTamazight=Tissemsilt)
Wilaya(id=39, actif=true, compteCreation=3, compteMaj=3, dateCreation=2000-01-01 04:33:00.775, dateMaj=2000-01-01 04:33:00.775, nomArabe=الوادي, nomLatin=El Oued, nomTamazight=El Oued)
Wilaya(id=40, actif=true, compteCreation=3, compteMaj=3, dateCreation=2000-01-01 04:33:00.775, dateMaj=2000-01-01 04:33:00.775, nomArabe=خنشلة, nomLatin=Khenchela, nomTamazight=Khenchela)
Wilaya(id=41, actif=true, compteCreation=3, compteMaj=3, dateCreation=2000-01-01 04:33:00.775, dateMaj=2000-01-01 04:33:00.775, nomArabe=سوق أهراس, nomLatin=Souk Ahras, nomTamazight=Souk Ahras)
Wilaya(id=42, actif=true, compteCreation=3, compteMaj=3, dateCreation=2000-01-01 04:33:00.775, dateMaj=2000-01-01 04:33:00.775, nomArabe=تيبازة, nomLatin=Tipaza, nomTamazight=Tipaza)
Wilaya(id=43, actif=true, compteCreation=3, compteMaj=3, dateCreation=2000-01-01 04:33:00.775, dateMaj=2000-01-01 04:33:00.775, nomArabe=ميلة, nomLatin=Mila, nomTamazight=Mila)
Wilaya(id=44, actif=true, compteCreation=3, compteMaj=3, dateCreation=2000-01-01 04:33:00.775, dateMaj=2000-01-01 04:33:00.775, nomArabe=عين الدفلى, nomLatin=Aïn Defla, nomTamazight=Aïn Defla)
Wilaya(id=45, actif=true, compteCreation=3, compteMaj=3, dateCreation=2000-01-01 04:33:00.775, dateMaj=2000-01-01 04:33:00.775, nomArabe=النعامة, nomLatin=Naâma, nomTamazight=Naâma)
Wilaya(id=46, actif=true, compteCreation=3, compteMaj=3, dateCreation=2000-01-01 04:33:00.775, dateMaj=2000-01-01 04:33:00.775, nomArabe=عين تموشنت, nomLatin=Aïn Témouchent, nomTamazight=Aïn Témouchent)
Wilaya(id=47, actif=true, compteCreation=3, compteMaj=3, dateCreation=2000-01-01 04:33:00.775, dateMaj=2000-01-01 04:33:00.775, nomArabe=غرداية, nomLatin=Ghardaïa, nomTamazight=Ghardaïa)
Wilaya(id=48, actif=true, compteCreation=3, compteMaj=3, dateCreation=2000-01-01 04:33:00.775, dateMaj=2000-01-01 04:33:00.775, nomArabe=غليزان, nomLatin=Relizane, nomTamazight=Relizane)
Wilaya(id=3, actif=true, compteCreation=1, compteMaj=0, dateCreation=2016-10-11 12:23:03.145, dateMaj=null, nomArabe=الأغواط, nomLatin=Laghouat, nomTamazight=Laghouat)
Wilaya(id=1, actif=true, compteCreation=1, compteMaj=3, dateCreation=2016-10-11 12:20:57.355, dateMaj=2018-06-14 02:02:23.1, nomArabe=أدرار, nomLatin=Adrar, nomTamazight=Adrar)
Wilaya(id=100, actif=true, compteCreation=1, compteMaj=0, dateCreation=2018-06-30 20:26:47.418948, dateMaj=null, nomArabe=N/R, nomLatin=N/R, nomTamazight=N/R)
Wilaya(id=99, actif=true, compteCreation=1, compteMaj=0, dateCreation=2018-06-30 20:26:47.418948, dateMaj=null, nomArabe= , nomLatin= , nomTamazight= )
]]></system-out>
  </testcase>
</testsuite>